commit d3c556041893a948ae8f0fd0b46697dca5a5f582
Author: Manuel Alfaro <malfa17@hotmail.com>
Date:   Tue Jul 17 16:00:56 2018 -0600

    Histórico del proceso realizado en el examen

commit c02a98a5963be7bc2af2b33d8e97f221eaf46ef5
Author: Manuel Alfaro <malfa17@hotmail.com>
Date:   Tue Jul 17 15:44:07 2018 -0600

    carpeta docs

commit 7d7cfbc2d9ba10e9ecd3556673cc60d083f5c018
Author: Manuel Alfaro <malfa17@hotmail.com>
Date:   Tue Jul 17 15:23:34 2018 -0600

    Tipo de archivo de javascript

commit a34f2e6a27f06a7557f12834664389fc78dcf939
Author: Manuel Alfaro <malfa17@hotmail.com>
Date:   Tue Jul 17 15:18:50 2018 -0600

    Tipo de archivo de Python

commit 62fe84e2b3f7e104ba387066130aa19a1041a072
Author: Manuel Alfaro <malfa17@hotmail.com>
Date:   Tue Jul 17 15:16:36 2018 -0600

    Carpeta con logo

commit a311882d33837a744b2bc9cb9b3543ab826f5fad
Author: Manuel Alfaro <malfa17@hotmail.com>
Date:   Tue Jul 17 15:13:04 2018 -0600

    Explicación de la materia vista en el curso el periodista como programador

commit c91c007f9f7106b2e035f607fd4708ca12be5fef
Author: Manuel Alfaro <malfa17@hotmail.com>
Date:   Tue Jul 17 15:05:06 2018 -0600

    Archivo readme
